10/16/2018 10:03:22 PM	This log contains information about the import schema operation into project 'FleetManagement' on computer 'DESKTOP-UHODQCQ' by user 'Monika'.
10/16/2018 10:03:22 PM	Import of database schema has started.
10/16/2018 10:03:31 PM	Gathering database options
10/16/2018 10:03:31 PM	Gathering users
10/16/2018 10:03:31 PM	Gathering roles
10/16/2018 10:03:31 PM	Gathering application roles
10/16/2018 10:03:31 PM	Gathering role memberships
10/16/2018 10:03:31 PM	Gathering filegroups
10/16/2018 10:03:31 PM	Gathering full-text catalogs
10/16/2018 10:03:31 PM	Gathering assemblies
10/16/2018 10:03:31 PM	Gathering certificates
10/16/2018 10:03:31 PM	Gathering asymmetric keys
10/16/2018 10:03:31 PM	Gathering symmetric keys
10/16/2018 10:03:31 PM	Gathering encrypted symmetric keys
10/16/2018 10:03:31 PM	Gathering schemas
10/16/2018 10:03:31 PM	Gathering XML schema collections
10/16/2018 10:03:31 PM	Gathering user-defined data types
10/16/2018 10:03:31 PM	Gathering user-defined types
10/16/2018 10:03:31 PM	Gathering table types
10/16/2018 10:03:31 PM	Gathering unique keys for table types
10/16/2018 10:03:31 PM	Gathering primary keys for table types
10/16/2018 10:03:31 PM	Gathering indexes for table types
10/16/2018 10:03:31 PM	Gathering check constraints for table types
10/16/2018 10:03:31 PM	Gathering default constraints for table types
10/16/2018 10:03:31 PM	Gathering partition functions
10/16/2018 10:03:31 PM	Gathering partition schemes
10/16/2018 10:03:31 PM	Gathering functions
10/16/2018 10:03:31 PM	Gathering encrypted functions
10/16/2018 10:03:31 PM	Gathering aggregates
10/16/2018 10:03:31 PM	Gathering procedures
10/16/2018 10:03:31 PM	Gathering encrypted procedures
10/16/2018 10:03:31 PM	Gathering tables
10/16/2018 10:03:31 PM	Gathering primary keys
10/16/2018 10:03:31 PM	Gathering unique constraints
10/16/2018 10:03:31 PM	Gathering foreign keys
10/16/2018 10:03:31 PM	Gathering default constraints
10/16/2018 10:03:31 PM	Gathering check constraints
10/16/2018 10:03:31 PM	Gathering views
10/16/2018 10:03:31 PM	Gathering encrypted views
10/16/2018 10:03:31 PM	Gathering indexes
10/16/2018 10:03:31 PM	Gathering statistics
10/16/2018 10:03:31 PM	Gathering full-text index stoplists
10/16/2018 10:03:31 PM	Gathering search property lists
10/16/2018 10:03:31 PM	Gathering search properties
10/16/2018 10:03:31 PM	Gathering full-text indexes
10/16/2018 10:03:31 PM	Gathering column store indexes
10/16/2018 10:03:31 PM	Gathering spatial indexes
10/16/2018 10:03:31 PM	Gathering XML indexes
10/16/2018 10:03:31 PM	Gathering Selective XML indexes
10/16/2018 10:03:32 PM	Gathering encrypted triggers
10/16/2018 10:03:32 PM	Gathering triggers
10/16/2018 10:03:32 PM	Gathering encrypted and clr ddl triggers
10/16/2018 10:03:32 PM	Gathering ddl triggers
10/16/2018 10:03:32 PM	Gathering synonyms
10/16/2018 10:03:32 PM	Gathering defaults
10/16/2018 10:03:32 PM	Gathering data constraint uddt bindings
10/16/2018 10:03:32 PM	Gathering rules
10/16/2018 10:03:32 PM	Gathering data constraint uddt bindings
10/16/2018 10:03:32 PM	Gathering message types
10/16/2018 10:03:32 PM	Gathering queues
10/16/2018 10:03:32 PM	Gathering contracts
10/16/2018 10:03:32 PM	Gathering services
10/16/2018 10:03:32 PM	Gathering event notifications
10/16/2018 10:03:32 PM	Gathering remote service bindings
10/16/2018 10:03:32 PM	Gathering broker priorities
10/16/2018 10:03:32 PM	Gathering signatures
10/16/2018 10:03:32 PM	Gathering data compression options
10/16/2018 10:03:32 PM	Gathering sequence types
10/16/2018 10:03:32 PM	Gathering security policies
10/16/2018 10:03:32 PM	Gather column encryption keys
10/16/2018 10:03:32 PM	Gathering column master keys
10/16/2018 10:03:32 PM	Gathering external data sources
10/16/2018 10:03:32 PM	Gathering external file formats
10/16/2018 10:03:32 PM	Gathering external tables
10/16/2018 10:03:32 PM	Gathering extended properties
10/16/2018 10:03:32 PM	Gathering credentials
10/16/2018 10:03:32 PM	Gathering logins
10/16/2018 10:03:32 PM	Gathering server audits
10/16/2018 10:03:33 PM	Finished importing database.
10/16/2018 10:03:33 PM	A summary of the import was saved to the following location: c:\users\monika\documents\visual studio 2015\Projects\FleetManagement\FleetManagement\Import Schema Logs\FleetManagement_20181016070322.log
10/16/2018 10:03:33 PM	Click Finish to continue...
